Build started 3/22/2015 11:47:03 PM.
     1>Project "C:\Users\Owner\Documents\GitHub\Siddhanth-Sabharwal-Personal-Portfolio\13. Star Visualizer (Highlight)\StarVisualizerProject\StarVisualizerProject\StarVisualizerProject.vcxproj" on node 2 (Build target(s)).
     1>ClCompile:
         C:\Program Files (x86)\Microsoft Visual Studio 12.0\VC\bin\CL.exe /c /ZI /nologo /W3 /WX- /sdl /Od /Oy- /D WIN32 /D _DEBUG /D _CONSOLE /D _LIB /D _UNICODE /D UNICODE /Gm /EHsc /RTC1 /MDd /GS /fp:precise /Zc:wchar_t /Zc:forScope /Fo"Debug\\" /Fd"Debug\vc120.pdb" /Gd /TP /analyze- /errorReport:prompt SNE_Analyzer.cpp StarNearEarth.cpp StarVisualizerProject.cpp
         StarVisualizerProject.cpp
     1>c:\users\owner\documents\github\siddhanth-sabharwal-personal-portfolio\13. star visualizer (highlight)\starvisualizerproject\starvisualizerproject\starvisualizerproject.cpp(76): warning C4244: 'argument' : conversion from 'const double' to 'int', possible loss of data
     1>c:\users\owner\documents\github\siddhanth-sabharwal-personal-portfolio\13. star visualizer (highlight)\starvisualizerproject\starvisualizerproject\starvisualizerproject.cpp(85): warning C4244: 'argument' : conversion from 'const double' to 'int', possible loss of data
     1>c:\users\owner\documents\github\siddhanth-sabharwal-personal-portfolio\13. star visualizer (highlight)\starvisualizerproject\starvisualizerproject\starvisualizerproject.cpp(95): warning C4244: 'initializing' : conversion from 'double' to 'int', possible loss of data
     1>c:\users\owner\documents\github\siddhanth-sabharwal-personal-portfolio\13. star visualizer (highlight)\starvisualizerproject\starvisualizerproject\starvisualizerproject.cpp(96): warning C4244: 'initializing' : conversion from 'double' to 'int', possible loss of data
     1>c:\users\owner\documents\github\siddhanth-sabharwal-personal-portfolio\13. star visualizer (highlight)\starvisualizerproject\starvisualizerproject\starvisualizerproject.cpp(114): warning C4244: 'argument' : conversion from 'const double' to 'int', possible loss of data
     1>c:\users\owner\documents\github\siddhanth-sabharwal-personal-portfolio\13. star visualizer (highlight)\starvisualizerproject\starvisualizerproject\starvisualizerproject.cpp(123): warning C4244: 'initializing' : conversion from 'double' to 'int', possible loss of data
     1>c:\users\owner\documents\github\siddhanth-sabharwal-personal-portfolio\13. star visualizer (highlight)\starvisualizerproject\starvisualizerproject\starvisualizerproject.cpp(124): warning C4244: 'initializing' : conversion from 'double' to 'int', possible loss of data
     1>c:\users\owner\documents\github\siddhanth-sabharwal-personal-portfolio\13. star visualizer (highlight)\starvisualizerproject\starvisualizerproject\starvisualizerproject.cpp(140): warning C4244: 'argument' : conversion from 'const double' to 'int', possible loss of data
     1>c:\users\owner\documents\github\siddhanth-sabharwal-personal-portfolio\13. star visualizer (highlight)\starvisualizerproject\starvisualizerproject\starvisualizerproject.cpp(149): warning C4244: 'initializing' : conversion from 'double' to 'int', possible loss of data
     1>c:\users\owner\documents\github\siddhanth-sabharwal-personal-portfolio\13. star visualizer (highlight)\starvisualizerproject\starvisualizerproject\starvisualizerproject.cpp(150): warning C4244: 'initializing' : conversion from 'double' to 'int', possible loss of data
         StarNearEarth.cpp
         SNE_Analyzer.cpp
         Generating Code...
       Link:
         C:\Program Files (x86)\Microsoft Visual Studio 12.0\VC\bin\link.exe /ERRORREPORT:PROMPT /OUT:"C:\Users\Owner\Documents\GitHub\Siddhanth-Sabharwal-Personal-Portfolio\13. Star Visualizer (Highlight)\StarVisualizerProject\Debug\StarVisualizerProject.exe" /INCREMENTAL /NOLOGO kernel32.lib user32.lib gdi32.lib winspool.lib comdlg32.lib advapi32.lib shell32.lib ole32.lib oleaut32.lib uuid.lib odbc32.lib odbccp32.lib /MANIFEST /MANIFESTUAC:"level='asInvoker' uiAccess='false'" /manifest:embed /DEBUG /PDB:"C:\Users\Owner\Documents\GitHub\Siddhanth-Sabharwal-Personal-Portfolio\13. Star Visualizer (Highlight)\StarVisualizerProject\Debug\StarVisualizerProject.pdb" /SUBSYSTEM:CONSOLE /TLBID:1 /DYNAMICBASE /NXCOMPAT /IMPLIB:"C:\Users\Owner\Documents\GitHub\Siddhanth-Sabharwal-Personal-Portfolio\13. Star Visualizer (Highlight)\StarVisualizerProject\Debug\StarVisualizerProject.lib" /MACHINE:X86 Debug\SNE_Analyzer.obj
         Debug\StarNearEarth.obj
         Debug\StarVisualizerProject.obj
         StarVisualizerProject.vcxproj -> C:\Users\Owner\Documents\GitHub\Siddhanth-Sabharwal-Personal-Portfolio\13. Star Visualizer (Highlight)\StarVisualizerProject\Debug\StarVisualizerProject.exe
     1>Done Building Project "C:\Users\Owner\Documents\GitHub\Siddhanth-Sabharwal-Personal-Portfolio\13. Star Visualizer (Highlight)\StarVisualizerProject\StarVisualizerProject\StarVisualizerProject.vcxproj" (Build target(s)).

Build succeeded.

Time Elapsed 00:00:03.86
